{
  "RSpec": {
    "coverage": {
      "/home/luanribeiro/Workspace/campuscode/imersao_web/aquecimento_qsd/rental-cars-qsd2019/app/models/user.rb": {
        "lines": [
          1,
          null,
          null,
          1,
          null,
          null,
          1,
          null
        ]
      },
      "/home/luanribeiro/Workspace/campuscode/imersao_web/aquecimento_qsd/rental-cars-qsd2019/app/models/application_record.rb": {
        "lines": [
          1,
          1,
          null
        ]
      },
      "/home/luanribeiro/Workspace/campuscode/imersao_web/aquecimento_qsd/rental-cars-qsd2019/app/models/cancel_rental.rb": {
        "lines": [
          1,
          1,
          null,
          1,
          null,
          1,
          null,
          1,
          1,
          null,
          null
        ]
      },
      "/home/luanribeiro/Workspace/campuscode/imersao_web/aquecimento_qsd/rental-cars-qsd2019/app/models/car_category.rb": {
        "lines": [
          1,
          1,
          1,
          null,
          1,
          null,
          1,
          1,
          1,
          null,
          null
        ]
      },
      "/home/luanribeiro/Workspace/campuscode/imersao_web/aquecimento_qsd/rental-cars-qsd2019/app/models/car_model.rb": {
        "lines": [
          1,
          1,
          1,
          1,
          null,
          1,
          null,
          null,
          1,
          1,
          1,
          null,
          1,
          15,
          10,
          null,
          5,
          null,
          null,
          null,
          null
        ]
      },
      "/home/luanribeiro/Workspace/campuscode/imersao_web/aquecimento_qsd/rental-cars-qsd2019/app/models/car_rental.rb": {
        "lines": [
          1,
          1,
          1,
          null,
          1,
          1,
          1,
          1,
          1,
          1,
          null,
          1,
          null,
          1,
          null,
          1,
          2,
          null,
          null,
          1,
          4,
          null,
          1,
          4,
          null,
          null
        ]
      },
      "/home/luanribeiro/Workspace/campuscode/imersao_web/aquecimento_qsd/rental-cars-qsd2019/app/models/car.rb": {
        "lines": [
          1,
          1,
          1,
          1,
          1,
          null,
          1,
          1,
          1,
          1,
          null,
          1,
          null,
          1,
          5,
          3,
          null,
          null,
          2,
          null,
          null,
          null,
          null,
          1,
          60,
          null,
          13,
          null,
          null,
          null,
          1,
          null,
          1,
          60,
          null,
          null
        ]
      },
      "/home/luanribeiro/Workspace/campuscode/imersao_web/aquecimento_qsd/rental-cars-qsd2019/app/models/client.rb": {
        "lines": [
          1,
          1,
          null,
          1,
          null,
          1,
          null,
          1,
          null,
          null,
          1,
          6,
          4,
          null,
          2,
          null,
          null,
          null,
          null
        ]
      },
      "/home/luanribeiro/Workspace/campuscode/imersao_web/aquecimento_qsd/rental-cars-qsd2019/app/models/manufacturer.rb": {
        "lines": [
          1,
          1,
          null,
          1,
          null,
          null
        ]
      },
      "/home/luanribeiro/Workspace/campuscode/imersao_web/aquecimento_qsd/rental-cars-qsd2019/app/models/rental.rb": {
        "lines": [
          1,
          1,
          1,
          1,
          1,
          null,
          1,
          1,
          1,
          1,
          null,
          1,
          null,
          1,
          3,
          null,
          null,
          1,
          5,
          4,
          null,
          null,
          1,
          null,
          null,
          null,
          null,
          1,
          4,
          3,
          null,
          1,
          null,
          null,
          null,
          null,
          1,
          2,
          1,
          null,
          1,
          null,
          null,
          null,
          null,
          1,
          9,
          1,
          null,
          1,
          null,
          8,
          null,
          null,
          null,
          1,
          null,
          1,
          61,
          null,
          3,
          null,
          3,
          null,
          null,
          1,
          61,
          null,
          3,
          null,
          3,
          null,
          null,
          1,
          58,
          26,
          null,
          26,
          null,
          32,
          null,
          null,
          null,
          null,
          1,
          26,
          null,
          null,
          null,
          null,
          null,
          1,
          78,
          78,
          78,
          null,
          null,
          1,
          26,
          null,
          null,
          1,
          26,
          null,
          null,
          null
        ]
      },
      "/home/luanribeiro/Workspace/campuscode/imersao_web/aquecimento_qsd/rental-cars-qsd2019/app/models/subsidiary.rb": {
        "lines": [
          1,
          1,
          null,
          1,
          1,
          1,
          null,
          1,
          null,
          1,
          null,
          1,
          1,
          1,
          null,
          1,
          11,
          10,
          null,
          1,
          null,
          null,
          null,
          null
        ]
      },
      "/home/luanribeiro/Workspace/campuscode/imersao_web/aquecimento_qsd/rental-cars-qsd2019/app/controllers/home_controller.rb": {
        "lines": [
          1,
          1,
          null
        ]
      },
      "/home/luanribeiro/Workspace/campuscode/imersao_web/aquecimento_qsd/rental-cars-qsd2019/app/controllers/application_controller.rb": {
        "lines": [
          1,
          1,
          null
        ]
      },
      "/home/luanribeiro/Workspace/campuscode/imersao_web/aquecimento_qsd/rental-cars-qsd2019/app/controllers/cars_controller.rb": {
        "lines": [
          1,
          1,
          null,
          null,
          1,
          3,
          null,
          null,
          1,
          3,
          3,
          null,
          2,
          2,
          2,
          null,
          null,
          1,
          32,
          32,
          32,
          null,
          null,
          1,
          3,
          null,
          null,
          1,
          3,
          null,
          null,
          1,
          3,
          3,
          1,
          1,
          null,
          2,
          2,
          2,
          null,
          null,
          null,
          1,
          1,
          1,
          null,
          null,
          1,
          null,
          1,
          6,
          null,
          null,
          1,
          6,
          null,
          null,
          1,
          6,
          null,
          null,
          null
        ]
      },
      "/home/luanribeiro/Workspace/campuscode/imersao_web/aquecimento_qsd/rental-cars-qsd2019/app/controllers/car_categories_controller.rb": {
        "lines": [
          1,
          1,
          3,
          null,
          null,
          1,
          3,
          3,
          1,
          1,
          null,
          2,
          null,
          null,
          null,
          1,
          12,
          null,
          null,
          1,
          3,
          null,
          null,
          1,
          3,
          3,
          1,
          1,
          null,
          2,
          null,
          null,
          null,
          1,
          1,
          1,
          null,
          null,
          1,
          null,
          1,
          6,
          null,
          null,
          null
        ]
      },
      "/home/luanribeiro/Workspace/campuscode/imersao_web/aquecimento_qsd/rental-cars-qsd2019/app/controllers/car_models_controller.rb": {
        "lines": [
          1,
          1,
          null,
          null,
          1,
          3,
          null,
          null,
          1,
          3,
          3,
          null,
          2,
          2,
          2,
          null,
          null,
          1,
          3,
          null,
          null,
          1,
          3,
          3,
          1,
          1,
          null,
          2,
          2,
          2,
          null,
          null,
          null,
          1,
          1,
          1,
          null,
          null,
          1,
          null,
          1,
          6,
          null,
          null,
          null,
          null,
          1,
          10,
          null,
          null,
          1,
          10,
          null,
          null
        ]
      },
      "/home/luanribeiro/Workspace/campuscode/imersao_web/aquecimento_qsd/rental-cars-qsd2019/app/controllers/clients_controller.rb": {
        "lines": [
          1,
          1,
          5,
          null,
          null,
          1,
          5,
          5,
          null,
          4,
          null,
          null,
          1,
          9,
          null,
          null,
          1,
          5,
          null,
          null,
          1,
          5,
          null,
          5,
          null,
          4,
          null,
          null,
          1,
          1,
          1,
          null,
          null,
          1,
          null,
          1,
          10,
          null,
          null
        ]
      },
      "/home/luanribeiro/Workspace/campuscode/imersao_web/aquecimento_qsd/rental-cars-qsd2019/app/controllers/manufacturers_controller.rb": {
        "lines": [
          1,
          1,
          4,
          null,
          null,
          1,
          4,
          4,
          null,
          3,
          null,
          null,
          1,
          4,
          null,
          null,
          1,
          4,
          4,
          1,
          1,
          null,
          3,
          null,
          null,
          null,
          1,
          1,
          1,
          null,
          null,
          1,
          null,
          1,
          8,
          null,
          null
        ]
      },
      "/home/luanribeiro/Workspace/campuscode/imersao_web/aquecimento_qsd/rental-cars-qsd2019/app/controllers/rentals_controller.rb": {
        "lines": [
          1,
          1,
          null,
          1,
          4,
          null,
          null,
          1,
          4,
          4,
          4,
          null,
          4,
          null,
          3,
          3,
          3,
          null,
          null,
          1,
          12,
          null,
          null,
          1,
          8,
          8,
          0,
          0,
          0,
          null,
          8,
          null,
          null,
          null,
          1,
          null,
          null,
          null,
          null,
          3,
          3,
          null,
          null,
          1,
          2,
          2,
          2,
          null,
          null,
          1,
          1,
          1,
          1,
          1,
          null,
          null,
          1,
          3,
          3,
          1,
          null,
          null,
          2,
          null,
          null,
          1,
          2,
          2,
          null,
          2,
          1,
          1,
          null,
          1,
          null,
          null,
          null,
          1,
          null,
          1,
          null,
          1,
          null,
          null,
          null,
          null,
          null,
          null,
          1,
          7,
          null,
          null,
          1,
          7,
          null,
          null,
          1,
          4,
          null,
          null,
          null
        ]
      },
      "/home/luanribeiro/Workspace/campuscode/imersao_web/aquecimento_qsd/rental-cars-qsd2019/app/controllers/car_rentals_controller.rb": {
        "lines": [
          1,
          1,
          1,
          null,
          null
        ]
      },
      "/home/luanribeiro/Workspace/campuscode/imersao_web/aquecimento_qsd/rental-cars-qsd2019/app/controllers/subsidiaries_controller.rb": {
        "lines": [
          1,
          1,
          2,
          null,
          null,
          1,
          2,
          2,
          1,
          1,
          null,
          1,
          null,
          null,
          null,
          1,
          10,
          null,
          null,
          1,
          3,
          null,
          null,
          1,
          2,
          null,
          null,
          1,
          2,
          2,
          1,
          1,
          null,
          1,
          null,
          null,
          null,
          1,
          1,
          1,
          null,
          null,
          1,
          null,
          1,
          4,
          null,
          null,
          null
        ]
      },
      "/home/luanribeiro/Workspace/campuscode/imersao_web/aquecimento_qsd/rental-cars-qsd2019/app/controllers/api/v1/cars_controller.rb": {
        "lines": [
          1,
          1,
          null,
          1,
          2,
          2,
          null,
          1,
          null,
          null,
          1,
          2,
          2,
          null,
          1,
          null,
          null,
          1,
          2,
          1,
          null,
          1,
          null,
          null,
          1,
          3,
          2,
          null,
          1,
          null,
          1,
          null,
          null,
          1,
          null,
          1,
          4,
          null,
          2,
          null,
          null,
          null
        ]
      },
      "/home/luanribeiro/Workspace/campuscode/imersao_web/aquecimento_qsd/rental-cars-qsd2019/app/controllers/api/v1/api_controller.rb": {
        "lines": [
          1,
          null
        ]
      },
      "/home/luanribeiro/Workspace/campuscode/imersao_web/aquecimento_qsd/rental-cars-qsd2019/app/controllers/api/v1/rentals_controller.rb": {
        "lines": [
          1,
          1,
          6,
          6,
          null,
          5,
          null,
          null,
          1,
          2,
          1,
          1,
          1,
          null,
          null,
          null,
          0,
          null,
          1,
          null,
          null,
          1,
          2,
          1,
          null,
          null,
          null,
          1,
          null,
          null,
          1,
          null,
          1,
          6,
          null,
          null,
          null
        ]
      }
    },
    "timestamp": 1581964164
  }
}
